<?xml version='1.0' encoding='UTF-8' ?>
<testsuites tests="2" failures="0" errors="0" skipped="0" time="1.09" timestamp="2026-07-27T22:25:37" hostname="localhost">
  <testsuite name="io.github.iamjosephmj.bridge.EndToEndTest" tests="2" failures="0" errors="0" skipped="0" time="0.328" timestamp="2026-07-27T22:25:37" hostname="localhost">
    <properties>
      <property name="device" value="Pixel 6 Pro - 16" />
      <property name="flavor" value="" />
      <property name="project" value=":bridge-runtime" />
    </properties>
    <testcase name="chunked_work_records_progress" classname="io.github.iamjosephmj.bridge.EndToEndTest" time="0.327" />
    <testcase name="unconstrained_work_executes_via_real_jobscheduler" classname="io.github.iamjosephmj.bridge.EndToEndTest" time="0.001" />
  </testsuite>
</testsuites>