<?xml version="1.0" encoding="UTF-8"?>
<testsuite name="io.github.iamjosephmj.bridge.dispatch.DispatcherTest" tests="4" skipped="0" failures="0" errors="0" timestamp="2026-07-27T22:26:01.103Z" hostname="joseph-ROG-Strix-G814JV-G814JV" time="0.117">
  <properties/>
  <testcase name="dispatchAll hands every enqueued work to the gateway and journals it" classname="io.github.iamjosephmj.bridge.dispatch.DispatcherTest" time="0.035"/>
  <testcase name="read-after-write visibility with single-thread executor" classname="io.github.iamjosephmj.bridge.dispatch.DispatcherTest" time="0.025"/>
  <testcase name="gateway failure leaves work ENQUEUED for retry" classname="io.github.iamjosephmj.bridge.dispatch.DispatcherTest" time="0.029"/>
  <testcase name="already dispatched work is not re-enqueued" classname="io.github.iamjosephmj.bridge.dispatch.DispatcherTest" time="0.025"/>
  <system-out><![CDATA[]]></system-out>
  <system-err><![CDATA[]]></system-err>
</testsuite>
