<?xml version="1.0" encoding="UTF-8"?>
<testsuite name="io.github.iamjosephmj.bridge.store.WorkStateFoldTest" tests="7" skipped="0" failures="0" errors="0" timestamp="2026-07-27T22:26:02.185Z" hostname="joseph-ROG-Strix-G814JV-G814JV" time="0.002">
  <properties/>
  <testcase name="re-enqueue bumps generation and resets progress" classname="io.github.iamjosephmj.bridge.store.WorkStateFoldTest" time="0.001"/>
  <testcase name="empty list folds to null" classname="io.github.iamjosephmj.bridge.store.WorkStateFoldTest" time="0.001"/>
  <testcase name="death returns work to ENQUEUED and records forensics" classname="io.github.iamjosephmj.bridge.store.WorkStateFoldTest" time="0.0"/>
  <testcase name="finished success is terminal SUCCEEDED" classname="io.github.iamjosephmj.bridge.store.WorkStateFoldTest" time="0.0"/>
  <testcase name="finished failure is terminal FAILED" classname="io.github.iamjosephmj.bridge.store.WorkStateFoldTest" time="0.0"/>
  <testcase name="enqueue then start is RUNNING at attempt 1" classname="io.github.iamjosephmj.bridge.store.WorkStateFoldTest" time="0.0"/>
  <testcase name="chunk completion advances nextChunk, stop returns to ENQUEUED" classname="io.github.iamjosephmj.bridge.store.WorkStateFoldTest" time="0.0"/>
  <system-out><![CDATA[]]></system-out>
  <system-err><![CDATA[]]></system-err>
</testsuite>
