<?xml version="1.0" encoding="UTF-8"?>
<testsuite name="io.github.iamjosephmj.bridge.BridgeFacadeTest" tests="4" skipped="0" failures="0" errors="0" timestamp="2026-07-27T22:25:57.700Z" hostname="joseph-ROG-Strix-G814JV-G814JV" time="2.94">
  <properties/>
  <testcase name="initialize is idempotent" classname="io.github.iamjosephmj.bridge.BridgeFacadeTest" time="2.64"/>
  <testcase name="cancel makes work CANCELLED" classname="io.github.iamjosephmj.bridge.BridgeFacadeTest" time="0.049"/>
  <testcase name="enqueue journals and dispatches immediately" classname="io.github.iamjosephmj.bridge.BridgeFacadeTest" time="0.029"/>
  <testcase name="enqueue with same name keeps existing live work" classname="io.github.iamjosephmj.bridge.BridgeFacadeTest" time="0.031"/>
  <system-out><![CDATA[]]></system-out>
  <system-err><![CDATA[]]></system-err>
</testsuite>
