<?xml version="1.0" encoding="UTF-8"?>
<testsuite name="io.github.iamjosephmj.bridge.api.WorkRequestDslTest" tests="2" skipped="0" failures="0" errors="0" timestamp="2026-07-27T22:26:00.641Z" hostname="joseph-ROG-Strix-G814JV-G814JV" time="0.004">
  <properties/>
  <testcase name="builder applies all fields with sane defaults" classname="io.github.iamjosephmj.bridge.api.WorkRequestDslTest" time="0.002"/>
  <testcase name="registry creates registered workers and rejects unknown names" classname="io.github.iamjosephmj.bridge.api.WorkRequestDslTest" time="0.001"/>
  <system-out><![CDATA[]]></system-out>
  <system-err><![CDATA[]]></system-err>
</testsuite>
