<?xml version="1.0" encoding="UTF-8"?>
<testsuite name="io.github.iamjosephmj.bridge.dispatch.JobPlanCompilerTest" tests="6" skipped="0" failures="0" errors="0" timestamp="2026-07-27T22:26:01.242Z" hostname="joseph-ROG-Strix-G814JV-G814JV" time="0.12">
  <properties/>
  <testcase name="default work maps to DEFAULT" classname="io.github.iamjosephmj.bridge.dispatch.JobPlanCompilerTest" time="0.028"/>
  <testcase name="low importance maps to DEFERRABLE" classname="io.github.iamjosephmj.bridge.dispatch.JobPlanCompilerTest" time="0.015"/>
  <testcase name="all host JobInfos are not persisted" classname="io.github.iamjosephmj.bridge.dispatch.JobPlanCompilerTest" time="0.033"/>
  <testcase name="unmetered plus charging work maps to UNMETERED_CHARGING host" classname="io.github.iamjosephmj.bridge.dispatch.JobPlanCompilerTest" time="0.012"/>
  <testcase name="UNMETERED_CHARGING JobInfo requires unmetered network and charging" classname="io.github.iamjosephmj.bridge.dispatch.JobPlanCompilerTest" time="0.017"/>
  <testcase name="DEFERRABLE JobInfo carries low priority on API 34" classname="io.github.iamjosephmj.bridge.dispatch.JobPlanCompilerTest" time="0.009"/>
  <system-out><![CDATA[]]></system-out>
  <system-err><![CDATA[]]></system-err>
</testsuite>
