<?xml version="1.0" encoding="UTF-8"?>
<testsuite name="io.github.iamjosephmj.bridge.exec.DeathAttributorTest" tests="4" skipped="0" failures="0" errors="0" timestamp="2026-07-27T22:26:01.538Z" hostname="joseph-ROG-Strix-G814JV-G814JV" time="0.183">
  <properties/>
  <testcase name="terminal work is untouched" classname="io.github.iamjosephmj.bridge.exec.DeathAttributorTest" time="0.049"/>
  <testcase name="workId containing pipe is parsed correctly" classname="io.github.iamjosephmj.bridge.exec.DeathAttributorTest" time="0.045"/>
  <testcase name="running work with no matching death gets a generic Stopped" classname="io.github.iamjosephmj.bridge.exec.DeathAttributorTest" time="0.039"/>
  <testcase name="matching death summary produces a Died event with forensics" classname="io.github.iamjosephmj.bridge.exec.DeathAttributorTest" time="0.047"/>
  <system-out><![CDATA[]]></system-out>
  <system-err><![CDATA[]]></system-err>
</testsuite>
