<?xml version="1.0" encoding="UTF-8"?>
<testsuite name="io.github.iamjosephmj.bridge.dispatch.OneToOneJobGatewayTest" tests="4" skipped="0" failures="0" errors="0" timestamp="2026-07-27T22:26:01.368Z" hostname="joseph-ROG-Strix-G814JV-G814JV" time="0.048">
  <properties/>
  <testcase name="distinct workIds usually map to distinct jobIds" classname="io.github.iamjosephmj.bridge.dispatch.OneToOneJobGatewayTest" time="0.013"/>
  <testcase name="enqueue schedules successfully" classname="io.github.iamjosephmj.bridge.dispatch.OneToOneJobGatewayTest" time="0.013"/>
  <testcase name="cancelAll does not throw after scheduling" classname="io.github.iamjosephmj.bridge.dispatch.OneToOneJobGatewayTest" time="0.01"/>
  <testcase name="oneToOneJobId is deterministic and outside the multiplexed host-class jobId range" classname="io.github.iamjosephmj.bridge.dispatch.OneToOneJobGatewayTest" time="0.009"/>
  <system-out><![CDATA[]]></system-out>
  <system-err><![CDATA[]]></system-err>
</testsuite>
